[2026-02-16 20:45:44] [1/10] orchestrator: archived task to completed/
[2026-02-16 20:45:16] [1/10] US-005 committer: done
[2026-02-16 20:43:17] [1/10] US-005 committer: starting
[2026-02-16 20:43:13] [1/10] US-005 quality-gate: PASS
[2026-02-16 20:42:12] [1/10] US-005 quality-gate: starting
[2026-02-16 20:42:08] [1/10] US-005 tdd: done - 13 new tests passing
[2026-02-16 20:40:22] [1/10] US-005 tdd: starting
[2026-02-16 20:40:19] [1/10] US-005 planner: done - 1 file to modify, 1 test file to create, 5 steps
[2026-02-16 20:38:46] [1/10] US-005 planner: starting
[2026-02-16 20:38:42] [1/10] US-005 orchestrator: picked US-005 (Update orchestrator to pass heartbeat context to agents)
[2026-02-16 20:38:28] [1/10] US-004 committer: done
[2026-02-16 20:37:21] [1/10] US-004 committer: starting
[2026-02-16 20:37:18] [1/10] US-004 quality-gate: PASS
[2026-02-16 20:36:04] [1/10] US-004 quality-gate: starting
[2026-02-16 20:36:00] [1/10] US-004 tdd: done - 77 tests passing (26 new)
[2026-02-16 20:32:31] [1/10] US-004 tdd: starting
[2026-02-16 20:32:26] [1/10] US-004 planner: done - 5 files to modify, 1 test file to create, 4 steps
[2026-02-16 20:30:33] [1/10] US-004 planner: starting
[2026-02-16 20:30:29] [1/10] US-004 orchestrator: picked US-004 (Add heartbeat logging instructions to all agent definitions)
[2026-02-16 20:30:13] [1/10] US-003 committer: done
[2026-02-16 20:29:25] [1/10] US-003 committer: starting
[2026-02-16 20:29:21] [1/10] US-003 quality-gate: PASS
[2026-02-16 20:28:46] [1/10] US-003 quality-gate: starting
[2026-02-16 20:28:43] [1/10] US-003 tdd: done - script created, shellcheck clean, PASS on execution
[2026-02-16 20:24:58] [1/10] US-003 tdd: starting
[2026-02-16 20:24:53] [1/10] US-003 planner: done - 1 file to create, 4 steps
[2026-02-16 20:22:30] [1/10] US-003 planner: starting
[2026-02-16 20:22:26] [1/10] US-003 orchestrator: picked US-003 (Validate heartbeat logging with a proof-of-concept test)
[2026-02-16 20:22:15] [1/10] US-002 committer: done
[2026-02-16 20:21:09] [1/10] US-002 committer: starting
[2026-02-16 20:21:05] [1/10] US-002 quality-gate: PASS
[2026-02-16 20:20:08] [1/10] US-002 quality-gate: starting
[2026-02-16 20:20:05] [1/10] US-002 tdd: done - 51 tests passing (9 new)
[2026-02-16 20:16:41] [1/10] US-002 tdd: starting
[2026-02-16 20:16:38] [1/10] US-002 planner: done - 2 files, 8 steps
[2026-02-16 20:14:25] [1/10] US-002 planner: starting
[2026-02-16 20:14:21] [1/10] US-002 orchestrator: picked US-002 (Add auto-refresh to dashboard activity log view)
[2026-02-16 20:14:05] [1/10] US-001 committer: done
[2026-02-16 20:13:06] [1/10] US-001 committer: starting
[2026-02-16 20:13:02] [1/10] US-001 quality-gate: PASS
[2026-02-16 20:11:55] [1/10] US-001 quality-gate: starting
[2026-02-16 20:11:51] [1/10] US-001 tdd: done - 42 tests passing (verified, no changes needed)
[2026-02-16 20:10:52] [1/10] US-001 tdd: starting
[2026-02-16 20:10:49] [1/10] US-001 planner: done - 0 files (already implemented), verification needed
[2026-02-16 20:08:38] [1/10] US-001 planner: starting
[2026-02-16 20:08:33] [1/10] US-001 orchestrator: picked US-001 (Remove arrow key handling from dashboard)
[2026-02-16 20:07:46] pipeline: iteration 1/10 started
[2026-02-16 20:07:46] pipeline: started task=task-pipeline-observability.json max_iterations=10
[2026-02-16 13:22:00] [1/10] US-001 quality-gate: starting
[2026-02-16 13:21:56] [1/10] US-001 tdd: done - 42 tests passing (10 new)
[2026-02-16 13:18:21] [1/10] US-001 tdd: starting
[2026-02-16 13:18:18] [1/10] US-001 planner: done - 1 file, 9 steps
[2026-02-16 13:16:00] [1/10] US-001 planner: starting
[2026-02-16 13:15:56] [1/10] US-001 orchestrator: picked US-001 (Remove arrow key handling from dashboard)
[2026-02-16 13:15:22] pipeline: iteration 1/10 started
[2026-02-16 13:15:22] pipeline: started task=task-pipeline-observability.json max_iterations=10
